<?xml version="1.0" encoding="UTF-8"?>
<!-- Generated by org.testng.reporters.JUnitXMLReporter -->
<testsuite ignored="0" hostname="Anand" failures="2" tests="5" name="Surefire test" time="81.649" errors="0" timestamp="2025-07-30T22:07:31 IST">
  <testcase classname="io.cucumber.testng.AbstractTestNGCucumberTests" name="runScenario" time="27.108"/>
  <testcase classname="io.cucumber.testng.AbstractTestNGCucumberTests" name="runScenario" time="18.286">
    <failure type="java.lang.AssertionError" message="table not found!!">
      <![CDATA[java.lang.AssertionError: table not found!!
at stepDefinitions.ViewAllSteps.i_should_still_see_the_student_list_table(ViewAllSteps.java:90)
at ✽.I should still see the student list table(file:///D:/tekstacsprint2/LoginBDDTest/src/test/resources/features/viewall.feature:18)
... Removed 1 stack frames]]>
    </failure>
  </testcase> <!-- runScenario -->
  <testcase classname="io.cucumber.testng.AbstractTestNGCucumberTests" name="runScenario" time="26.162"/>
  <testcase classname="io.cucumber.testng.AbstractTestNGCucumberTests" name="runScenario" time="4.581">
    <failure type="java.lang.AssertionError" message="Username field not found or not visible at mobile resolution.">
      <![CDATA[java.lang.AssertionError: Username field not found or not visible at mobile resolution.
at stepDefinitions.ViewAllSteps.i_am_logged_in_with_mobile_viewport(ViewAllSteps.java:128)
at ✽.I am logged in with valid credentials on a mobile viewport(file:///D:/tekstacsprint2/LoginBDDTest/src/test/resources/features/viewall.feature:29)
... Removed 1 stack frames]]>
    </failure>
  </testcase> <!-- runScenario -->
  <testcase classname="io.cucumber.testng.AbstractTestNGCucumberTests" name="runScenario" time="5.008"/>
</testsuite> <!-- Surefire test -->
