<?xml version="1.0" encoding="UTF-8"?>
<testng-results ignored="0" total="5" passed="3" failed="2" skipped="0">
  <reporter-output>
  </reporter-output>
  <suite started-at="2025-07-30T22:06:10 IST" name="Surefire suite" finished-at="2025-07-30T22:07:31 IST" duration-ms="81649">
    <groups>
      <group name="cucumber">
        <method signature="AbstractTestNGCucumberTests.runScenario(io.cucumber.testng.PickleWrapper,io.cucumber.testng.FeatureWrapper)[pri:0, instance:runners.TestRunner@12d4bf7e]" name="runScenario" class="io.cucumber.testng.AbstractTestNGCucumberTests"/>
      </group> <!-- cucumber -->
    </groups>
    <test started-at="2025-07-30T22:06:10 IST" name="Surefire test" finished-at="2025-07-30T22:07:31 IST" duration-ms="81649">
      <class name="runners.TestRunner">
        <test-method is-config="true" signature="setUpClass(org.testng.ITestContext)[pri:0, instance:runners.TestRunner@12d4bf7e]" started-at="2025-07-30T22:06:10 IST" name="setUpClass" finished-at="2025-07-30T22:06:10 IST" duration-ms="447" status="PASS">
          <params>
            <param index="0">
              <value>
                <![CDATA[org.testng.TestRunner@19eea77c]]>
              </value>
            </param>
          </params>
          <reporter-output>
          </reporter-output>
        </test-method> <!-- setUpClass -->
        <test-method signature="runScenario(io.cucumber.testng.PickleWrapper,io.cucumber.testng.FeatureWrapper)[pri:0, instance:runners.TestRunner@12d4bf7e]" started-at="2025-07-30T22:06:10 IST" name="runScenario" description="Runs Cucumber Scenarios" data-provider="scenarios" finished-at="2025-07-30T22:06:37 IST" duration-ms="27108" status="PASS">
          <params>
            <param index="0">
              <value>
                <![CDATA["Valid Student is visible"]]>
              </value>
            </param>
            <param index="1">
              <value>
                <![CDATA["View all Students"]]>
              </value>
            </param>
          </params>
          <reporter-output>
          </reporter-output>
        </test-method> <!-- runScenario -->
        <test-method signature="runScenario(io.cucumber.testng.PickleWrapper,io.cucumber.testng.FeatureWrapper)[pri:0, instance:runners.TestRunner@12d4bf7e]" started-at="2025-07-30T22:06:37 IST" name="runScenario" description="Runs Cucumber Scenarios" data-provider="scenarios" finished-at="2025-07-30T22:06:56 IST" duration-ms="18286" status="FAIL">
          <params>
            <param index="0">
              <value>
                <![CDATA["Verify view student list after page reload"]]>
              </value>
            </param>
            <param index="1">
              <value>
                <![CDATA["View all Students"]]>
              </value>
            </param>
          </params>
          <exception class="java.lang.AssertionError">
            <message>
              <![CDATA[table not found!!]]>
            </message>
            <full-stacktrace>
              <![CDATA[java.lang.AssertionError: table not found!!
at org.testng.Assert.fail(Assert.java:111)
at stepDefinitions.ViewAllSteps.i_should_still_see_the_student_list_table(ViewAllSteps.java:90)
at ✽.I should still see the student list table(file:///D:/tekstacsprint2/LoginBDDTest/src/test/resources/features/viewall.feature:18)
]]>
            </full-stacktrace>
          </exception> <!-- java.lang.AssertionError -->
          <reporter-output>
          </reporter-output>
        </test-method> <!-- runScenario -->
        <test-method signature="runScenario(io.cucumber.testng.PickleWrapper,io.cucumber.testng.FeatureWrapper)[pri:0, instance:runners.TestRunner@12d4bf7e]" started-at="2025-07-30T22:06:56 IST" name="runScenario" description="Runs Cucumber Scenarios" data-provider="scenarios" finished-at="2025-07-30T22:07:22 IST" duration-ms="26162" status="PASS">
          <params>
            <param index="0">
              <value>
                <![CDATA["Verify long names and values do not overflow"]]>
              </value>
            </param>
            <param index="1">
              <value>
                <![CDATA["View all Students"]]>
              </value>
            </param>
          </params>
          <reporter-output>
          </reporter-output>
        </test-method> <!-- runScenario -->
        <test-method signature="runScenario(io.cucumber.testng.PickleWrapper,io.cucumber.testng.FeatureWrapper)[pri:0, instance:runners.TestRunner@12d4bf7e]" started-at="2025-07-30T22:07:22 IST" name="runScenario" description="Runs Cucumber Scenarios" data-provider="scenarios" finished-at="2025-07-30T22:07:26 IST" duration-ms="4581" status="FAIL">
          <params>
            <param index="0">
              <value>
                <![CDATA["Verify responsive view on mobile"]]>
              </value>
            </param>
            <param index="1">
              <value>
                <![CDATA["View all Students"]]>
              </value>
            </param>
          </params>
          <exception class="java.lang.AssertionError">
            <message>
              <![CDATA[Username field not found or not visible at mobile resolution.]]>
            </message>
            <full-stacktrace>
              <![CDATA[java.lang.AssertionError: Username field not found or not visible at mobile resolution.
at org.testng.Assert.fail(Assert.java:111)
at stepDefinitions.ViewAllSteps.i_am_logged_in_with_mobile_viewport(ViewAllSteps.java:128)
at ✽.I am logged in with valid credentials on a mobile viewport(file:///D:/tekstacsprint2/LoginBDDTest/src/test/resources/features/viewall.feature:29)
]]>
            </full-stacktrace>
          </exception> <!-- java.lang.AssertionError -->
          <reporter-output>
          </reporter-output>
        </test-method> <!-- runScenario -->
        <test-method signature="runScenario(io.cucumber.testng.PickleWrapper,io.cucumber.testng.FeatureWrapper)[pri:0, instance:runners.TestRunner@12d4bf7e]" started-at="2025-07-30T22:07:26 IST" name="runScenario" description="Runs Cucumber Scenarios" data-provider="scenarios" finished-at="2025-07-30T22:07:31 IST" duration-ms="5008" status="PASS">
          <params>
            <param index="0">
              <value>
                <![CDATA["Verify table headers are correct"]]>
              </value>
            </param>
            <param index="1">
              <value>
                <![CDATA["View all Students"]]>
              </value>
            </param>
          </params>
          <reporter-output>
          </reporter-output>
        </test-method> <!-- runScenario -->
        <test-method is-config="true" signature="tearDownClass()[pri:0, instance:runners.TestRunner@12d4bf7e]" started-at="2025-07-30T22:07:31 IST" name="tearDownClass" finished-at="2025-07-30T22:07:31 IST" duration-ms="30" status="PASS">
          <reporter-output>
          </reporter-output>
        </test-method> <!-- tearDownClass -->
        <test-method is-config="true" signature="tearDownSuite()[pri:0, instance:runners.TestRunner@12d4bf7e]" started-at="2025-07-30T22:07:31 IST" name="tearDownSuite" finished-at="2025-07-30T22:07:32 IST" duration-ms="186" status="PASS">
          <reporter-output>
          </reporter-output>
        </test-method> <!-- tearDownSuite -->
      </class> <!-- runners.TestRunner -->
    </test> <!-- Surefire test -->
  </suite> <!-- Surefire suite -->
</testng-results>
