<?xml version="1.0" encoding="UTF-8"?>
<testsuite xmlns:xsi="http://www.w3.org/2001/XMLSchema-instance" xsi:noNamespaceSchemaLocation="https://maven.apache.org/surefire/maven-surefire-plugin/xsd/surefire-test-report-3.0.xsd" version="3.0" name="runners.TestRunner" time="82.192" tests="5" errors="0" skipped="0" failures="2">
  <properties>
[...]
</properties>
  <testcase name="runScenario[&quot;Valid Student is visible&quot;, &quot;View all Students&quot;](1)" classname="runners.TestRunner" time="27.107">
    <system-out><![CDATA[
Scenario Outline: Valid Student is visible                    # src/test/resources/features/viewall.feature:12
  Given I am logged in with valid credentials                 # stepDefinitions.RegisterSteps.i_am_logged_in_with_valid_credentials()
  When I register a student with valid credentials:           # stepDefinitions.ViewAllSteps.I_register_a_student_with_valid_credentials(io.cucumber.datatable.DataTable)
    | name     | mobile     | email        | cgpa | department | backlog |
    | John Doe | 9876543210 | john@abc.com | 8.2  | CSE        | 1       |
  And I click on View All Students                            # stepDefinitions.ViewAllSteps.I_click_on_View_All_Students()
true
  Then I see that the student entered is present in the table # stepDefinitions.ViewAllSteps.I_see_that_the_student_is_in_table()
]]></system-out>
    <system-err><![CDATA[SLF4J: Failed to load class "org.slf4j.impl.StaticLoggerBinder".
SLF4J: Defaulting to no-operation (NOP) logger implementation
SLF4J: See http://www.slf4j.org/codes.html#StaticLoggerBinder for further details.
Jul 30, 2025 10:06:12 PM org.openqa.selenium.devtools.CdpVersionFinder findNearestMatch
WARNING: Unable to find CDP implementation matching 138
Jul 30, 2025 10:06:12 PM org.openqa.selenium.chromium.ChromiumDriver lambda$new$5
WARNING: Unable to find version of CDP to use for 138.0.7204.169. You may need to include a dependency on a specific version of the CDP using something similar to `org.seleniumhq.selenium:selenium-devtools-v86:4.21.0` where the version ("v86") matches the version of the chromium-based browser you're using and the version number of the artifact is the same as Selenium's.
]]></system-err>
  </testcase>
  <testcase name="runScenario[&quot;Verify view student list after page reload&quot;, &quot;View all Students&quot;](2)" classname="runners.TestRunner" time="18.286">
    <failure message="table not found!!" type="java.lang.AssertionError"><![CDATA[java.lang.AssertionError: table not found!!
	at org.testng.Assert.fail(Assert.java:111)
	at stepDefinitions.ViewAllSteps.i_should_still_see_the_student_list_table(ViewAllSteps.java:90)
	at ✽.I should still see the student list table(file:///D:/tekstacsprint2/LoginBDDTest/src/test/resources/features/viewall.feature:18)
]]></failure>
    <system-out><![CDATA[
Scenario: Verify view student list after page reload # src/test/resources/features/viewall.feature:13
  Given I am logged in with valid credentials        # stepDefinitions.RegisterSteps.i_am_logged_in_with_valid_credentials()
  When I click on student menu                       # stepDefinitions.ViewAllSteps.I_click_on_Student_menu()
  And I click on View All Students                   # stepDefinitions.ViewAllSteps.I_click_on_View_All_Students()
  And I reload the page                              # stepDefinitions.ViewAllSteps.i_reload_the_page()
  Then I should still see the student list table     # stepDefinitions.ViewAllSteps.i_should_still_see_the_student_list_table()
      java.lang.AssertionError: table not found!!
	at org.testng.Assert.fail(Assert.java:111)
	at stepDefinitions.ViewAllSteps.i_should_still_see_the_student_list_table(ViewAllSteps.java:90)
	at ✽.I should still see the student list table(file:///D:/tekstacsprint2/LoginBDDTest/src/test/resources/features/viewall.feature:18)

]]></system-out>
    <system-err><![CDATA[Jul 30, 2025 10:06:38 PM org.openqa.selenium.devtools.CdpVersionFinder findNearestMatch
WARNING: Unable to find CDP implementation matching 138
Jul 30, 2025 10:06:38 PM org.openqa.selenium.chromium.ChromiumDriver lambda$new$5
WARNING: Unable to find version of CDP to use for 138.0.7204.169. You may need to include a dependency on a specific version of the CDP using something similar to `org.seleniumhq.selenium:selenium-devtools-v86:4.21.0` where the version ("v86") matches the version of the chromium-based browser you're using and the version number of the artifact is the same as Selenium's.
]]></system-err>
  </testcase>
  <testcase name="runScenario[&quot;Verify long names and values do not overflow&quot;, &quot;View all Students&quot;](3)" classname="runners.TestRunner" time="26.162">
    <system-out><![CDATA[
Scenario: Verify long names and values do not overflow                      # src/test/resources/features/viewall.feature:20
  Given I am logged in with valid credentials                               # stepDefinitions.RegisterSteps.i_am_logged_in_with_valid_credentials()
  When I register a student with valid credentials:                         # stepDefinitions.ViewAllSteps.I_register_a_student_with_valid_credentials(io.cucumber.datatable.DataTable)
    | name                 | mobile     | email                | cgpa | department               | backlog |
    | Alexander Maximilian | 9999999999 | longname@example.com | 9.5  | Department of Philosophy | 1       |
  And I click on View All Students                                          # stepDefinitions.ViewAllSteps.I_click_on_View_All_Students()
  Then I should see that the student details are displayed without overflow # stepDefinitions.ViewAllSteps.i_should_see_student_details_without_overflow()
]]></system-out>
    <system-err><![CDATA[Jul 30, 2025 10:06:56 PM org.openqa.selenium.devtools.CdpVersionFinder findNearestMatch
WARNING: Unable to find CDP implementation matching 138
Jul 30, 2025 10:06:56 PM org.openqa.selenium.chromium.ChromiumDriver lambda$new$5
WARNING: Unable to find version of CDP to use for 138.0.7204.169. You may need to include a dependency on a specific version of the CDP using something similar to `org.seleniumhq.selenium:selenium-devtools-v86:4.21.0` where the version ("v86") matches the version of the chromium-based browser you're using and the version number of the artifact is the same as Selenium's.
]]></system-err>
  </testcase>
  <testcase name="runScenario[&quot;Verify responsive view on mobile&quot;, &quot;View all Students&quot;](4)" classname="runners.TestRunner" time="4.583">
    <failure message="Username field not found or not visible at mobile resolution." type="java.lang.AssertionError"><![CDATA[java.lang.AssertionError: Username field not found or not visible at mobile resolution.
	at org.testng.Assert.fail(Assert.java:111)
	at stepDefinitions.ViewAllSteps.i_am_logged_in_with_mobile_viewport(ViewAllSteps.java:128)
	at ✽.I am logged in with valid credentials on a mobile viewport(file:///D:/tekstacsprint2/LoginBDDTest/src/test/resources/features/viewall.feature:29)
]]></failure>
    <system-out><![CDATA[
Scenario: Verify responsive view on mobile                         # src/test/resources/features/viewall.feature:28
  Given I am logged in with valid credentials on a mobile viewport # stepDefinitions.ViewAllSteps.i_am_logged_in_with_mobile_viewport()
      java.lang.AssertionError: Username field not found or not visible at mobile resolution.
	at org.testng.Assert.fail(Assert.java:111)
	at stepDefinitions.ViewAllSteps.i_am_logged_in_with_mobile_viewport(ViewAllSteps.java:128)
	at ✽.I am logged in with valid credentials on a mobile viewport(file:///D:/tekstacsprint2/LoginBDDTest/src/test/resources/features/viewall.feature:29)

  When I click on student menu                                     # stepDefinitions.ViewAllSteps.I_click_on_Student_menu()
  And I click on View All Students                                 # stepDefinitions.ViewAllSteps.I_click_on_View_All_Students()
  Then The student table should be responsive                      # stepDefinitions.ViewAllSteps.the_student_table_should_be_responsive()
]]></system-out>
    <system-err><![CDATA[Jul 30, 2025 10:07:22 PM org.openqa.selenium.devtools.CdpVersionFinder findNearestMatch
WARNING: Unable to find CDP implementation matching 138
Jul 30, 2025 10:07:22 PM org.openqa.selenium.chromium.ChromiumDriver lambda$new$5
WARNING: Unable to find version of CDP to use for 138.0.7204.169. You may need to include a dependency on a specific version of the CDP using something similar to `org.seleniumhq.selenium:selenium-devtools-v86:4.21.0` where the version ("v86") matches the version of the chromium-based browser you're using and the version number of the artifact is the same as Selenium's.
]]></system-err>
  </testcase>
  <testcase name="runScenario[&quot;Verify table headers are correct&quot;, &quot;View all Students&quot;](5)" classname="runners.TestRunner" time="5.009">
    <system-out><![CDATA[
Scenario: Verify table headers are correct    # src/test/resources/features/viewall.feature:34
  Given I am logged in with valid credentials # stepDefinitions.RegisterSteps.i_am_logged_in_with_valid_credentials()
  When I click on student menu                # stepDefinitions.ViewAllSteps.I_click_on_Student_menu()
  And I click on View All Students            # stepDefinitions.ViewAllSteps.I_click_on_View_All_Students()
  Then I should see correct table headers     # stepDefinitions.ViewAllSteps.i_should_see_correct_table_headers()
]]></system-out>
    <system-err><![CDATA[Jul 30, 2025 10:07:27 PM org.openqa.selenium.devtools.CdpVersionFinder findNearestMatch
WARNING: Unable to find CDP implementation matching 138
Jul 30, 2025 10:07:27 PM org.openqa.selenium.chromium.ChromiumDriver lambda$new$5
WARNING: Unable to find version of CDP to use for 138.0.7204.169. You may need to include a dependency on a specific version of the CDP using something similar to `org.seleniumhq.selenium:selenium-devtools-v86:4.21.0` where the version ("v86") matches the version of the chromium-based browser you're using and the version number of the artifact is the same as Selenium's.
]]></system-err>
  </testcase>
</testsuite>