<?xml version="1.0" encoding="UTF-8"?>
<!-- Generated by org.testng.reporters.JUnitReportReporter -->
<testsuite hostname="Anand" failures="2" tests="5" name="runners.TestRunner" time="81.145" errors="0" timestamp="2025-07-30T22:07:32 IST" skipped="0">
  <testcase classname="runners.TestRunner" name="runScenario" time="4.581">
    <failure message="Username field not found or not visible at mobile resolution." type="java.lang.AssertionError">
      <![CDATA[java.lang.AssertionError: Username field not found or not visible at mobile resolution.
at org.testng.Assert.fail(Assert.java:111)
at stepDefinitions.ViewAllSteps.i_am_logged_in_with_mobile_viewport(ViewAllSteps.java:128)
at ✽.I am logged in with valid credentials on a mobile viewport(file:///D:/tekstacsprint2/LoginBDDTest/src/test/resources/features/viewall.feature:29)
]]>
    </failure>
  </testcase> <!-- runScenario -->
  <testcase classname="runners.TestRunner" name="runScenario" time="27.108"/>
  <testcase classname="runners.TestRunner" name="runScenario" time="5.008"/>
  <testcase classname="runners.TestRunner" name="runScenario" time="26.162"/>
  <testcase classname="runners.TestRunner" name="runScenario" time="18.286">
    <failure message="table not found!!" type="java.lang.AssertionError">
      <![CDATA[java.lang.AssertionError: table not found!!
at org.testng.Assert.fail(Assert.java:111)
at stepDefinitions.ViewAllSteps.i_should_still_see_the_student_list_table(ViewAllSteps.java:90)
at ✽.I should still see the student list table(file:///D:/tekstacsprint2/LoginBDDTest/src/test/resources/features/viewall.feature:18)
]]>
    </failure>
  </testcase> <!-- runScenario -->
</testsuite> <!-- runners.TestRunner -->
